<?xml version="1.0" encoding="UTF-8"?>
<coverage generated="1588273197835" clover="3.2.0">
  <project timestamp="1588273197835" name="All files">
    <metrics statements="33" coveredstatements="19" conditionals="9" coveredconditionals="1" methods="11" coveredmethods="9" elements="53" coveredelements="29" complexity="0" loc="33" ncloc="33" packages="1" files="1" classes="1"/>
    <file name="SimulationRepositoryApi.js" path="/home/sebastian/vsc-workspace/seeds-simulation/src/services/SimulationRepositoryApi.js">
      <metrics statements="33" coveredstatements="19" conditionals="9" coveredconditionals="1" methods="11" coveredmethods="9"/>
      <line num="9" count="1" type="stmt"/>
      <line num="10" count="1" type="stmt"/>
      <line num="35" count="2" type="stmt"/>
      <line num="36" count="2" type="stmt"/>
      <line num="37" count="2" type="stmt"/>
      <line num="38" count="2" type="stmt"/>
      <line num="39" count="0" type="stmt"/>
      <line num="47" count="0" type="stmt"/>
      <line num="54" count="0" type="stmt"/>
      <line num="55" count="0" type="stmt"/>
      <line num="62" count="1" type="stmt"/>
      <line num="63" count="1" type="stmt"/>
      <line num="64" count="1" type="stmt"/>
      <line num="87" count="2" type="stmt"/>
      <line num="95" count="2" type="stmt"/>
      <line num="105" count="0" type="stmt"/>
      <line num="112" count="0" type="stmt"/>
      <line num="116" count="2" type="stmt"/>
      <line num="117" count="2" type="stmt"/>
      <line num="121" count="2" type="stmt"/>
      <line num="131" count="1" type="stmt"/>
      <line num="142" count="2" type="stmt"/>
      <line num="159" count="3" type="stmt"/>
      <line num="160" count="3" type="stmt"/>
      <line num="161" count="3" type="stmt"/>
      <line num="163" count="0" type="stmt"/>
      <line num="164" count="0" type="cond" truecount="0" falsecount="2"/>
      <line num="165" count="0" type="cond" truecount="0" falsecount="2"/>
      <line num="168" count="0" type="stmt"/>
      <line num="169" count="0" type="cond" truecount="0" falsecount="2"/>
      <line num="170" count="0" type="stmt"/>
      <line num="171" count="0" type="stmt"/>
      <line num="175" count="0" type="stmt"/>
    </file>
  </project>
</coverage>
