{"/home/sebastian/vsc-workspace/seeds-simulation/src/services/SimulationRepositoryApi.js": {"path":"/home/sebastian/vsc-workspace/seeds-simulation/src/services/SimulationRepositoryApi.js","statementMap":{"0":{"start":{"line":9,"column":8},"end":{"line":9,"column":19}},"1":{"start":{"line":10,"column":4},"end":{"line":15,"column":6}},"2":{"start":{"line":35,"column":4},"end":{"line":35,"column":39}},"3":{"start":{"line":36,"column":31},"end":{"line":36,"column":57}},"4":{"start":{"line":37,"column":4},"end":{"line":37,"column":54}},"5":{"start":{"line":38,"column":4},"end":{"line":38,"column":52}},"6":{"start":{"line":39,"column":23},"end":{"line":45,"column":6}},"7":{"start":{"line":47,"column":4},"end":{"line":47,"column":21}},"8":{"start":{"line":54,"column":4},"end":{"line":54,"column":41}},"9":{"start":{"line":55,"column":4},"end":{"line":58,"column":6}},"10":{"start":{"line":62,"column":4},"end":{"line":62,"column":34}},"11":{"start":{"line":63,"column":21},"end":{"line":63,"column":61}},"12":{"start":{"line":64,"column":4},"end":{"line":64,"column":15}},"13":{"start":{"line":87,"column":21},"end":{"line":94,"column":6}},"14":{"start":{"line":95,"column":4},"end":{"line":95,"column":15}},"15":{"start":{"line":105,"column":21},"end":{"line":111,"column":6}},"16":{"start":{"line":112,"column":4},"end":{"line":112,"column":15}},"17":{"start":{"line":116,"column":21},"end":{"line":116,"column":60}},"18":{"start":{"line":117,"column":4},"end":{"line":117,"column":15}},"19":{"start":{"line":121,"column":4},"end":{"line":127,"column":5}},"20":{"start":{"line":131,"column":4},"end":{"line":138,"column":5}},"21":{"start":{"line":142,"column":4},"end":{"line":149,"column":5}},"22":{"start":{"line":159,"column":4},"end":{"line":176,"column":5}},"23":{"start":{"line":160,"column":23},"end":{"line":160,"column":47}},"24":{"start":{"line":161,"column":6},"end":{"line":161,"column":21}},"25":{"start":{"line":163,"column":6},"end":{"line":163,"column":50}},"26":{"start":{"line":164,"column":6},"end":{"line":174,"column":7}},"27":{"start":{"line":165,"column":8},"end":{"line":173,"column":9}},"28":{"start":{"line":168,"column":14},"end":{"line":168,"column":28}},"29":{"start":{"line":169,"column":10},"end":{"line":172,"column":11}},"30":{"start":{"line":170,"column":12},"end":{"line":170,"column":48}},"31":{"start":{"line":171,"column":12},"end":{"line":171,"column":47}},"32":{"start":{"line":175,"column":6},"end":{"line":175,"column":17}}},"fnMap":{"0":{"name":"(anonymous_0)","decl":{"start":{"line":5,"column":2},"end":{"line":5,"column":3}},"loc":{"start":{"line":5,"column":17},"end":{"line":16,"column":3}},"line":5},"1":{"name":"(anonymous_1)","decl":{"start":{"line":28,"column":2},"end":{"line":28,"column":3}},"loc":{"start":{"line":34,"column":5},"end":{"line":48,"column":3}},"line":34},"2":{"name":"(anonymous_2)","decl":{"start":{"line":50,"column":2},"end":{"line":50,"column":3}},"loc":{"start":{"line":53,"column":5},"end":{"line":59,"column":3}},"line":53},"3":{"name":"(anonymous_3)","decl":{"start":{"line":61,"column":2},"end":{"line":61,"column":3}},"loc":{"start":{"line":61,"column":18},"end":{"line":65,"column":3}},"line":61},"4":{"name":"(anonymous_4)","decl":{"start":{"line":79,"column":2},"end":{"line":79,"column":3}},"loc":{"start":{"line":86,"column":5},"end":{"line":96,"column":3}},"line":86},"5":{"name":"(anonymous_5)","decl":{"start":{"line":98,"column":2},"end":{"line":98,"column":3}},"loc":{"start":{"line":104,"column":5},"end":{"line":113,"column":3}},"line":104},"6":{"name":"(anonymous_6)","decl":{"start":{"line":115,"column":2},"end":{"line":115,"column":3}},"loc":{"start":{"line":115,"column":25},"end":{"line":118,"column":3}},"line":115},"7":{"name":"(anonymous_7)","decl":{"start":{"line":120,"column":2},"end":{"line":120,"column":3}},"loc":{"start":{"line":120,"column":53},"end":{"line":128,"column":3}},"line":120},"8":{"name":"(anonymous_8)","decl":{"start":{"line":130,"column":2},"end":{"line":130,"column":3}},"loc":{"start":{"line":130,"column":41},"end":{"line":139,"column":3}},"line":130},"9":{"name":"(anonymous_9)","decl":{"start":{"line":141,"column":2},"end":{"line":141,"column":3}},"loc":{"start":{"line":141,"column":40},"end":{"line":150,"column":3}},"line":141},"10":{"name":"(anonymous_10)","decl":{"start":{"line":158,"column":2},"end":{"line":158,"column":3}},"loc":{"start":{"line":158,"column":40},"end":{"line":177,"column":3}},"line":158}},"branchMap":{"0":{"loc":{"start":{"line":130,"column":27},"end":{"line":130,"column":39}},"type":"default-arg","locations":[{"start":{"line":130,"column":35},"end":{"line":130,"column":39}}],"line":130},"1":{"loc":{"start":{"line":141,"column":26},"end":{"line":141,"column":38}},"type":"default-arg","locations":[{"start":{"line":141,"column":34},"end":{"line":141,"column":38}}],"line":141},"2":{"loc":{"start":{"line":158,"column":26},"end":{"line":158,"column":38}},"type":"default-arg","locations":[{"start":{"line":158,"column":34},"end":{"line":158,"column":38}}],"line":158},"3":{"loc":{"start":{"line":164,"column":6},"end":{"line":174,"column":7}},"type":"if","locations":[{"start":{"line":164,"column":6},"end":{"line":174,"column":7}},{"start":{"line":164,"column":6},"end":{"line":174,"column":7}}],"line":164},"4":{"loc":{"start":{"line":165,"column":8},"end":{"line":173,"column":9}},"type":"if","locations":[{"start":{"line":165,"column":8},"end":{"line":173,"column":9}},{"start":{"line":165,"column":8},"end":{"line":173,"column":9}}],"line":165},"5":{"loc":{"start":{"line":169,"column":10},"end":{"line":172,"column":11}},"type":"if","locations":[{"start":{"line":169,"column":10},"end":{"line":172,"column":11}},{"start":{"line":169,"column":10},"end":{"line":172,"column":11}}],"line":169}},"s":{"0":1,"1":1,"2":2,"3":2,"4":2,"5":2,"6":0,"7":0,"8":0,"9":0,"10":1,"11":1,"12":1,"13":2,"14":2,"15":0,"16":0,"17":2,"18":2,"19":2,"20":1,"21":2,"22":3,"23":3,"24":3,"25":0,"26":0,"27":0,"28":0,"29":0,"30":0,"31":0,"32":0},"f":{"0":1,"1":2,"2":0,"3":1,"4":2,"5":0,"6":2,"7":2,"8":1,"9":2,"10":3},"b":{"0":[0],"1":[2],"2":[0],"3":[0,0],"4":[0,0],"5":[0,0]},"_coverageSchema":"43e27e138ebf9cfc5966b082cf9a028302ed4184","hash":"27a874f4576b18f45f1a62735b0e5c2bf2b2c2f4"}
}
