{"/home/sebastian/vsc-workspace/seeds-simulation/src/services/SimulationRepositoryApi.js": {"path":"/home/sebastian/vsc-workspace/seeds-simulation/src/services/SimulationRepositoryApi.js","statementMap":{"0":{"start":{"line":9,"column":8},"end":{"line":9,"column":19}},"1":{"start":{"line":10,"column":4},"end":{"line":15,"column":6}},"2":{"start":{"line":35,"column":4},"end":{"line":35,"column":39}},"3":{"start":{"line":36,"column":31},"end":{"line":36,"column":57}},"4":{"start":{"line":37,"column":4},"end":{"line":37,"column":54}},"5":{"start":{"line":38,"column":4},"end":{"line":38,"column":52}},"6":{"start":{"line":39,"column":23},"end":{"line":45,"column":6}},"7":{"start":{"line":47,"column":4},"end":{"line":47,"column":21}},"8":{"start":{"line":54,"column":4},"end":{"line":54,"column":41}},"9":{"start":{"line":55,"column":4},"end":{"line":58,"column":6}},"10":{"start":{"line":62,"column":4},"end":{"line":62,"column":34}},"11":{"start":{"line":63,"column":21},"end":{"line":63,"column":61}},"12":{"start":{"line":64,"column":4},"end":{"line":64,"column":15}},"13":{"start":{"line":87,"column":21},"end":{"line":94,"column":6}},"14":{"start":{"line":95,"column":4},"end":{"line":95,"column":15}},"15":{"start":{"line":105,"column":21},"end":{"line":111,"column":6}},"16":{"start":{"line":112,"column":4},"end":{"line":112,"column":15}},"17":{"start":{"line":116,"column":21},"end":{"line":116,"column":60}},"18":{"start":{"line":117,"column":4},"end":{"line":117,"column":15}},"19":{"start":{"line":121,"column":4},"end":{"line":121,"column":43}},"20":{"start":{"line":125,"column":4},"end":{"line":132,"column":5}},"21":{"start":{"line":136,"column":4},"end":{"line":143,"column":5}},"22":{"start":{"line":153,"column":4},"end":{"line":170,"column":5}},"23":{"start":{"line":154,"column":23},"end":{"line":154,"column":47}},"24":{"start":{"line":155,"column":6},"end":{"line":155,"column":21}},"25":{"start":{"line":157,"column":6},"end":{"line":157,"column":50}},"26":{"start":{"line":158,"column":6},"end":{"line":168,"column":7}},"27":{"start":{"line":159,"column":8},"end":{"line":167,"column":9}},"28":{"start":{"line":162,"column":14},"end":{"line":162,"column":28}},"29":{"start":{"line":163,"column":10},"end":{"line":166,"column":11}},"30":{"start":{"line":164,"column":12},"end":{"line":164,"column":48}},"31":{"start":{"line":165,"column":12},"end":{"line":165,"column":47}},"32":{"start":{"line":169,"column":6},"end":{"line":169,"column":17}}},"fnMap":{"0":{"name":"(anonymous_0)","decl":{"start":{"line":5,"column":2},"end":{"line":5,"column":3}},"loc":{"start":{"line":5,"column":17},"end":{"line":16,"column":3}},"line":5},"1":{"name":"(anonymous_1)","decl":{"start":{"line":28,"column":2},"end":{"line":28,"column":3}},"loc":{"start":{"line":34,"column":5},"end":{"line":48,"column":3}},"line":34},"2":{"name":"(anonymous_2)","decl":{"start":{"line":50,"column":2},"end":{"line":50,"column":3}},"loc":{"start":{"line":53,"column":5},"end":{"line":59,"column":3}},"line":53},"3":{"name":"(anonymous_3)","decl":{"start":{"line":61,"column":2},"end":{"line":61,"column":3}},"loc":{"start":{"line":61,"column":18},"end":{"line":65,"column":3}},"line":61},"4":{"name":"(anonymous_4)","decl":{"start":{"line":79,"column":2},"end":{"line":79,"column":3}},"loc":{"start":{"line":86,"column":5},"end":{"line":96,"column":3}},"line":86},"5":{"name":"(anonymous_5)","decl":{"start":{"line":98,"column":2},"end":{"line":98,"column":3}},"loc":{"start":{"line":104,"column":5},"end":{"line":113,"column":3}},"line":104},"6":{"name":"(anonymous_6)","decl":{"start":{"line":115,"column":2},"end":{"line":115,"column":3}},"loc":{"start":{"line":115,"column":25},"end":{"line":118,"column":3}},"line":115},"7":{"name":"(anonymous_7)","decl":{"start":{"line":120,"column":2},"end":{"line":120,"column":3}},"loc":{"start":{"line":120,"column":53},"end":{"line":122,"column":3}},"line":120},"8":{"name":"(anonymous_8)","decl":{"start":{"line":124,"column":2},"end":{"line":124,"column":3}},"loc":{"start":{"line":124,"column":41},"end":{"line":133,"column":3}},"line":124},"9":{"name":"(anonymous_9)","decl":{"start":{"line":135,"column":2},"end":{"line":135,"column":3}},"loc":{"start":{"line":135,"column":40},"end":{"line":144,"column":3}},"line":135},"10":{"name":"(anonymous_10)","decl":{"start":{"line":152,"column":2},"end":{"line":152,"column":3}},"loc":{"start":{"line":152,"column":40},"end":{"line":171,"column":3}},"line":152}},"branchMap":{"0":{"loc":{"start":{"line":124,"column":27},"end":{"line":124,"column":39}},"type":"default-arg","locations":[{"start":{"line":124,"column":35},"end":{"line":124,"column":39}}],"line":124},"1":{"loc":{"start":{"line":135,"column":26},"end":{"line":135,"column":38}},"type":"default-arg","locations":[{"start":{"line":135,"column":34},"end":{"line":135,"column":38}}],"line":135},"2":{"loc":{"start":{"line":152,"column":26},"end":{"line":152,"column":38}},"type":"default-arg","locations":[{"start":{"line":152,"column":34},"end":{"line":152,"column":38}}],"line":152},"3":{"loc":{"start":{"line":158,"column":6},"end":{"line":168,"column":7}},"type":"if","locations":[{"start":{"line":158,"column":6},"end":{"line":168,"column":7}},{"start":{"line":158,"column":6},"end":{"line":168,"column":7}}],"line":158},"4":{"loc":{"start":{"line":159,"column":8},"end":{"line":167,"column":9}},"type":"if","locations":[{"start":{"line":159,"column":8},"end":{"line":167,"column":9}},{"start":{"line":159,"column":8},"end":{"line":167,"column":9}}],"line":159},"5":{"loc":{"start":{"line":163,"column":10},"end":{"line":166,"column":11}},"type":"if","locations":[{"start":{"line":163,"column":10},"end":{"line":166,"column":11}},{"start":{"line":163,"column":10},"end":{"line":166,"column":11}}],"line":163}},"s":{"0":1,"1":1,"2":0,"3":0,"4":0,"5":0,"6":0,"7":0,"8":0,"9":0,"10":0,"11":0,"12":0,"13":1,"14":1,"15":0,"16":0,"17":0,"18":0,"19":0,"20":0,"21":1,"22":1,"23":1,"24":1,"25":0,"26":0,"27":0,"28":0,"29":0,"30":0,"31":0,"32":0},"f":{"0":1,"1":0,"2":0,"3":0,"4":1,"5":0,"6":0,"7":0,"8":0,"9":1,"10":1},"b":{"0":[0],"1":[1],"2":[0],"3":[0,0],"4":[0,0],"5":[0,0]},"_coverageSchema":"43e27e138ebf9cfc5966b082cf9a028302ed4184","hash":"284831b92dee177d3764c28f450e14e50e652c19"}
}
