TN:
SF:/home/sebastian/vsc-workspace/seeds-simulation/src/services/SimulationRepositoryApi.js
FN:5,(anonymous_0)
FN:28,(anonymous_1)
FN:50,(anonymous_2)
FN:61,(anonymous_3)
FN:79,(anonymous_4)
FN:98,(anonymous_5)
FN:115,(anonymous_6)
FN:120,(anonymous_7)
FN:124,(anonymous_8)
FN:135,(anonymous_9)
FN:152,(anonymous_10)
FNF:11
FNH:4
FNDA:1,(anonymous_0)
FNDA:0,(anonymous_1)
FNDA:0,(anonymous_2)
FNDA:0,(anonymous_3)
FNDA:1,(anonymous_4)
FNDA:0,(anonymous_5)
FNDA:0,(anonymous_6)
FNDA:0,(anonymous_7)
FNDA:0,(anonymous_8)
FNDA:1,(anonymous_9)
FNDA:1,(anonymous_10)
DA:9,1
DA:10,1
DA:35,0
DA:36,0
DA:37,0
DA:38,0
DA:39,0
DA:47,0
DA:54,0
DA:55,0
DA:62,0
DA:63,0
DA:64,0
DA:87,1
DA:95,1
DA:105,0
DA:112,0
DA:116,0
DA:117,0
DA:121,0
DA:125,0
DA:136,1
DA:153,1
DA:154,1
DA:155,1
DA:157,0
DA:158,0
DA:159,0
DA:162,0
DA:163,0
DA:164,0
DA:165,0
DA:169,0
LF:33
LH:8
BRDA:124,0,0,0
BRDA:135,1,0,1
BRDA:152,2,0,0
BRDA:158,3,0,0
BRDA:158,3,1,0
BRDA:159,4,0,0
BRDA:159,4,1,0
BRDA:163,5,0,0
BRDA:163,5,1,0
BRF:9
BRH:1
end_of_record
