TN:
SF:/home/sebastian/vsc-workspace/seeds-simulation/src/services/SimulationRepositoryApi.js
FN:4,(anonymous_0)
FN:17,(anonymous_1)
FN:39,(anonymous_2)
FN:50,(anonymous_3)
FN:56,(anonymous_4)
FN:75,(anonymous_5)
FN:92,(anonymous_6)
FN:97,(anonymous_7)
FNF:8
FNH:8
FNDA:1,(anonymous_0)
FNDA:2,(anonymous_1)
FNDA:1,(anonymous_2)
FNDA:1,(anonymous_3)
FNDA:2,(anonymous_4)
FNDA:2,(anonymous_5)
FNDA:2,(anonymous_6)
FNDA:2,(anonymous_7)
DA:8,1
DA:9,1
DA:24,2
DA:25,2
DA:26,2
DA:27,2
DA:28,2
DA:36,2
DA:43,1
DA:44,1
DA:51,1
DA:52,1
DA:53,1
DA:64,2
DA:72,2
DA:82,2
DA:89,2
DA:93,2
DA:94,2
DA:98,2
LF:20
LH:20
BRF:0
BRH:0
end_of_record
